CRITICAL - 2023-06-15 18:23:59 --> syntax error, unexpected token "[", expecting variable or "{" or "$"
in APPPATH\Controllers\HolaMundo.php on line 41.
 1 SYSTEMPATH\Autoloader\Autoloader.php(289): CodeIgniter\Autoloader\Autoloader->includeFile('C:\\wamp64\\www\\CI4_PROYECTO1\\app\\Controllers\\HolaMundo.php')
 2 SYSTEMPATH\Autoloader\Autoloader.php(267): CodeIgniter\Autoloader\Autoloader->loadInNamespace('App\\Controllers\\HolaMundo')
 3 [internal function]: CodeIgniter\Autoloader\Autoloader->loadClass('App\\Controllers\\HolaMundo')
 4 SYSTEMPATH\CodeIgniter.php(892): class_exists('\\App\\Controllers\\HolaMundo', true)
 5 SYSTEMPATH\CodeIgniter.php(486): CodeIgniter\CodeIgniter->startController()
 6 SYSTEMPATH\CodeIgniter.php(368): CodeIgniter\CodeIgniter->handleRequest(null, Object(Config\Cache), false)
 7 FCPATH\index.php(67): CodeIgniter\CodeIgniter->run()
CRITICAL - 2023-06-15 18:48:10 --> Undefined variable $users
in APPPATH\Views\estructura\formulario.php on line 5.
 1 APPPATH\Views\estructura\formulario.php(5): CodeIgniter\Debug\Exceptions->errorHandler(2, 'Undefined variable $users', 'C:\\wamp64\\www\\CI4_PROYECTO1\\app\\Views\\estructura\\formulario.php', 5)
 2 SYSTEMPATH\View\View.php(213): include('C:\\wamp64\\www\\CI4_PROYECTO1\\app\\Views\\estructura\\formulario.php')
 3 SYSTEMPATH\View\View.php(216): CodeIgniter\View\View->CodeIgniter\View\{closure}()
 4 SYSTEMPATH\Common.php(1184): CodeIgniter\View\View->render('estructura/formulario', [], true)
 5 APPPATH\Controllers\HolaMundo.php(47): view('estructura/formulario', [...])
 6 SYSTEMPATH\CodeIgniter.php(934): App\Controllers\HolaMundo->editar()
 7 SYSTEMPATH\CodeIgniter.php(499): CodeIgniter\CodeIgniter->runController(Object(App\Controllers\HolaMundo))
 8 SYSTEMPATH\CodeIgniter.php(368): CodeIgniter\CodeIgniter->handleRequest(null, Object(Config\Cache), false)
 9 FCPATH\index.php(67): CodeIgniter\CodeIgniter->run()
CRITICAL - 2023-06-15 18:49:08 --> Undefined array key "name"
in APPPATH\Views\estructura\formulario.php on line 5.
 1 APPPATH\Views\estructura\formulario.php(5): CodeIgniter\Debug\Exceptions->errorHandler(2, 'Undefined array key "name"', 'C:\\wamp64\\www\\CI4_PROYECTO1\\app\\Views\\estructura\\formulario.php', 5)
 2 SYSTEMPATH\View\View.php(213): include('C:\\wamp64\\www\\CI4_PROYECTO1\\app\\Views\\estructura\\formulario.php')
 3 SYSTEMPATH\View\View.php(216): CodeIgniter\View\View->CodeIgniter\View\{closure}()
 4 SYSTEMPATH\Common.php(1184): CodeIgniter\View\View->render('estructura/formulario', [], true)
 5 APPPATH\Controllers\HolaMundo.php(47): view('estructura/formulario', [...])
 6 SYSTEMPATH\CodeIgniter.php(934): App\Controllers\HolaMundo->editar()
 7 SYSTEMPATH\CodeIgniter.php(499): CodeIgniter\CodeIgniter->runController(Object(App\Controllers\HolaMundo))
 8 SYSTEMPATH\CodeIgniter.php(368): CodeIgniter\CodeIgniter->handleRequest(null, Object(Config\Cache), false)
 9 FCPATH\index.php(67): CodeIgniter\CodeIgniter->run()
CRITICAL - 2023-06-15 18:51:13 --> Undefined array key "name"
in APPPATH\Views\estructura\formulario.php on line 7.
 1 APPPATH\Views\estructura\formulario.php(7): CodeIgniter\Debug\Exceptions->errorHandler(2, 'Undefined array key "name"', 'C:\\wamp64\\www\\CI4_PROYECTO1\\app\\Views\\estructura\\formulario.php', 7)
 2 SYSTEMPATH\View\View.php(213): include('C:\\wamp64\\www\\CI4_PROYECTO1\\app\\Views\\estructura\\formulario.php')
 3 SYSTEMPATH\View\View.php(216): CodeIgniter\View\View->CodeIgniter\View\{closure}()
 4 SYSTEMPATH\Common.php(1184): CodeIgniter\View\View->render('estructura/formulario', [], true)
 5 APPPATH\Controllers\HolaMundo.php(47): view('estructura/formulario', [...])
 6 SYSTEMPATH\CodeIgniter.php(934): App\Controllers\HolaMundo->editar()
 7 SYSTEMPATH\CodeIgniter.php(499): CodeIgniter\CodeIgniter->runController(Object(App\Controllers\HolaMundo))
 8 SYSTEMPATH\CodeIgniter.php(368): CodeIgniter\CodeIgniter->handleRequest(null, Object(Config\Cache), false)
 9 FCPATH\index.php(67): CodeIgniter\CodeIgniter->run()
CRITICAL - 2023-06-15 18:53:17 --> Undefined array key "name"
in APPPATH\Views\estructura\formulario.php on line 7.
 1 APPPATH\Views\estructura\formulario.php(7): CodeIgniter\Debug\Exceptions->errorHandler(2, 'Undefined array key "name"', 'C:\\wamp64\\www\\CI4_PROYECTO1\\app\\Views\\estructura\\formulario.php', 7)
 2 SYSTEMPATH\View\View.php(213): include('C:\\wamp64\\www\\CI4_PROYECTO1\\app\\Views\\estructura\\formulario.php')
 3 SYSTEMPATH\View\View.php(216): CodeIgniter\View\View->CodeIgniter\View\{closure}()
 4 SYSTEMPATH\Common.php(1184): CodeIgniter\View\View->render('estructura/formulario', [], true)
 5 APPPATH\Controllers\HolaMundo.php(47): view('estructura/formulario', [...])
 6 SYSTEMPATH\CodeIgniter.php(934): App\Controllers\HolaMundo->editar()
 7 SYSTEMPATH\CodeIgniter.php(499): CodeIgniter\CodeIgniter->runController(Object(App\Controllers\HolaMundo))
 8 SYSTEMPATH\CodeIgniter.php(368): CodeIgniter\CodeIgniter->handleRequest(null, Object(Config\Cache), false)
 9 FCPATH\index.php(67): CodeIgniter\CodeIgniter->run()
CRITICAL - 2023-06-15 18:54:28 --> Undefined array key "name"
in APPPATH\Views\estructura\formulario.php on line 7.
 1 APPPATH\Views\estructura\formulario.php(7): CodeIgniter\Debug\Exceptions->errorHandler(2, 'Undefined array key "name"', 'C:\\wamp64\\www\\CI4_PROYECTO1\\app\\Views\\estructura\\formulario.php', 7)
 2 SYSTEMPATH\View\View.php(213): include('C:\\wamp64\\www\\CI4_PROYECTO1\\app\\Views\\estructura\\formulario.php')
 3 SYSTEMPATH\View\View.php(216): CodeIgniter\View\View->CodeIgniter\View\{closure}()
 4 SYSTEMPATH\Common.php(1184): CodeIgniter\View\View->render('estructura/formulario', [], true)
 5 APPPATH\Controllers\HolaMundo.php(47): view('estructura/formulario', [...])
 6 SYSTEMPATH\CodeIgniter.php(934): App\Controllers\HolaMundo->editar()
 7 SYSTEMPATH\CodeIgniter.php(499): CodeIgniter\CodeIgniter->runController(Object(App\Controllers\HolaMundo))
 8 SYSTEMPATH\CodeIgniter.php(368): CodeIgniter\CodeIgniter->handleRequest(null, Object(Config\Cache), false)
 9 FCPATH\index.php(67): CodeIgniter\CodeIgniter->run()
CRITICAL - 2023-06-15 18:59:13 --> Undefined variable $user
in APPPATH\Views\estructura\formulario.php on line 4.
 1 APPPATH\Views\estructura\formulario.php(4): CodeIgniter\Debug\Exceptions->errorHandler(2, 'Undefined variable $user', 'C:\\wamp64\\www\\CI4_PROYECTO1\\app\\Views\\estructura\\formulario.php', 4)
 2 SYSTEMPATH\View\View.php(213): include('C:\\wamp64\\www\\CI4_PROYECTO1\\app\\Views\\estructura\\formulario.php')
 3 SYSTEMPATH\View\View.php(216): CodeIgniter\View\View->CodeIgniter\View\{closure}()
 4 SYSTEMPATH\Common.php(1184): CodeIgniter\View\View->render('estructura/formulario', [], true)
 5 APPPATH\Controllers\HolaMundo.php(16): view('estructura/formulario')
 6 SYSTEMPATH\CodeIgniter.php(934): App\Controllers\HolaMundo->formulario()
 7 SYSTEMPATH\CodeIgniter.php(499): CodeIgniter\CodeIgniter->runController(Object(App\Controllers\HolaMundo))
 8 SYSTEMPATH\CodeIgniter.php(368): CodeIgniter\CodeIgniter->handleRequest(null, Object(Config\Cache), false)
 9 FCPATH\index.php(67): CodeIgniter\CodeIgniter->run()
CRITICAL - 2023-06-15 18:59:18 --> Undefined variable $user
in APPPATH\Views\estructura\formulario.php on line 4.
 1 APPPATH\Views\estructura\formulario.php(4): CodeIgniter\Debug\Exceptions->errorHandler(2, 'Undefined variable $user', 'C:\\wamp64\\www\\CI4_PROYECTO1\\app\\Views\\estructura\\formulario.php', 4)
 2 SYSTEMPATH\View\View.php(213): include('C:\\wamp64\\www\\CI4_PROYECTO1\\app\\Views\\estructura\\formulario.php')
 3 SYSTEMPATH\View\View.php(216): CodeIgniter\View\View->CodeIgniter\View\{closure}()
 4 SYSTEMPATH\Common.php(1184): CodeIgniter\View\View->render('estructura/formulario', [], true)
 5 APPPATH\Controllers\HolaMundo.php(16): view('estructura/formulario')
 6 SYSTEMPATH\CodeIgniter.php(934): App\Controllers\HolaMundo->formulario()
 7 SYSTEMPATH\CodeIgniter.php(499): CodeIgniter\CodeIgniter->runController(Object(App\Controllers\HolaMundo))
 8 SYSTEMPATH\CodeIgniter.php(368): CodeIgniter\CodeIgniter->handleRequest(null, Object(Config\Cache), false)
 9 FCPATH\index.php(67): CodeIgniter\CodeIgniter->run()
CRITICAL - 2023-06-15 19:02:01 --> Undefined array key "name"
in APPPATH\Views\estructura\formulario.php on line 6.
 1 APPPATH\Views\estructura\formulario.php(6): CodeIgniter\Debug\Exceptions->errorHandler(2, 'Undefined array key "name"', 'C:\\wamp64\\www\\CI4_PROYECTO1\\app\\Views\\estructura\\formulario.php', 6)
 2 SYSTEMPATH\View\View.php(213): include('C:\\wamp64\\www\\CI4_PROYECTO1\\app\\Views\\estructura\\formulario.php')
 3 SYSTEMPATH\View\View.php(216): CodeIgniter\View\View->CodeIgniter\View\{closure}()
 4 SYSTEMPATH\Common.php(1184): CodeIgniter\View\View->render('estructura/formulario', [], true)
 5 APPPATH\Controllers\HolaMundo.php(47): view('estructura/formulario', [...])
 6 SYSTEMPATH\CodeIgniter.php(934): App\Controllers\HolaMundo->editar()
 7 SYSTEMPATH\CodeIgniter.php(499): CodeIgniter\CodeIgniter->runController(Object(App\Controllers\HolaMundo))
 8 SYSTEMPATH\CodeIgniter.php(368): CodeIgniter\CodeIgniter->handleRequest(null, Object(Config\Cache), false)
 9 FCPATH\index.php(67): CodeIgniter\CodeIgniter->run()
CRITICAL - 2023-06-15 19:04:08 --> Undefined array key "name"
in APPPATH\Views\estructura\formulario.php on line 6.
 1 APPPATH\Views\estructura\formulario.php(6): CodeIgniter\Debug\Exceptions->errorHandler(2, 'Undefined array key "name"', 'C:\\wamp64\\www\\CI4_PROYECTO1\\app\\Views\\estructura\\formulario.php', 6)
 2 SYSTEMPATH\View\View.php(213): include('C:\\wamp64\\www\\CI4_PROYECTO1\\app\\Views\\estructura\\formulario.php')
 3 SYSTEMPATH\View\View.php(216): CodeIgniter\View\View->CodeIgniter\View\{closure}()
 4 SYSTEMPATH\Common.php(1184): CodeIgniter\View\View->render('estructura/formulario', [], true)
 5 APPPATH\Controllers\HolaMundo.php(48): view('estructura/formulario', [...])
 6 SYSTEMPATH\CodeIgniter.php(934): App\Controllers\HolaMundo->editar()
 7 SYSTEMPATH\CodeIgniter.php(499): CodeIgniter\CodeIgniter->runController(Object(App\Controllers\HolaMundo))
 8 SYSTEMPATH\CodeIgniter.php(368): CodeIgniter\CodeIgniter->handleRequest(null, Object(Config\Cache), false)
 9 FCPATH\index.php(67): CodeIgniter\CodeIgniter->run()
CRITICAL - 2023-06-15 19:04:58 --> Array to string conversion
in APPPATH\Views\estructura\formulario.php on line 5.
 1 APPPATH\Views\estructura\formulario.php(5): CodeIgniter\Debug\Exceptions->errorHandler(2, 'Array to string conversion', 'C:\\wamp64\\www\\CI4_PROYECTO1\\app\\Views\\estructura\\formulario.php', 5)
 2 SYSTEMPATH\View\View.php(213): include('C:\\wamp64\\www\\CI4_PROYECTO1\\app\\Views\\estructura\\formulario.php')
 3 SYSTEMPATH\View\View.php(216): CodeIgniter\View\View->CodeIgniter\View\{closure}()
 4 SYSTEMPATH\Common.php(1184): CodeIgniter\View\View->render('estructura/formulario', [], true)
 5 APPPATH\Controllers\HolaMundo.php(48): view('estructura/formulario', [...])
 6 SYSTEMPATH\CodeIgniter.php(934): App\Controllers\HolaMundo->editar()
 7 SYSTEMPATH\CodeIgniter.php(499): CodeIgniter\CodeIgniter->runController(Object(App\Controllers\HolaMundo))
 8 SYSTEMPATH\CodeIgniter.php(368): CodeIgniter\CodeIgniter->handleRequest(null, Object(Config\Cache), false)
 9 FCPATH\index.php(67): CodeIgniter\CodeIgniter->run()
CRITICAL - 2023-06-15 19:05:03 --> Array to string conversion
in APPPATH\Views\estructura\formulario.php on line 5.
 1 APPPATH\Views\estructura\formulario.php(5): CodeIgniter\Debug\Exceptions->errorHandler(2, 'Array to string conversion', 'C:\\wamp64\\www\\CI4_PROYECTO1\\app\\Views\\estructura\\formulario.php', 5)
 2 SYSTEMPATH\View\View.php(213): include('C:\\wamp64\\www\\CI4_PROYECTO1\\app\\Views\\estructura\\formulario.php')
 3 SYSTEMPATH\View\View.php(216): CodeIgniter\View\View->CodeIgniter\View\{closure}()
 4 SYSTEMPATH\Common.php(1184): CodeIgniter\View\View->render('estructura/formulario', [], true)
 5 APPPATH\Controllers\HolaMundo.php(48): view('estructura/formulario', [...])
 6 SYSTEMPATH\CodeIgniter.php(934): App\Controllers\HolaMundo->editar()
 7 SYSTEMPATH\CodeIgniter.php(499): CodeIgniter\CodeIgniter->runController(Object(App\Controllers\HolaMundo))
 8 SYSTEMPATH\CodeIgniter.php(368): CodeIgniter\CodeIgniter->handleRequest(null, Object(Config\Cache), false)
 9 FCPATH\index.php(67): CodeIgniter\CodeIgniter->run()
CRITICAL - 2023-06-15 19:07:19 --> Undefined array key 0
in APPPATH\Views\estructura\formulario.php on line 5.
 1 APPPATH\Views\estructura\formulario.php(5): CodeIgniter\Debug\Exceptions->errorHandler(2, 'Undefined array key 0', 'C:\\wamp64\\www\\CI4_PROYECTO1\\app\\Views\\estructura\\formulario.php', 5)
 2 SYSTEMPATH\View\View.php(213): include('C:\\wamp64\\www\\CI4_PROYECTO1\\app\\Views\\estructura\\formulario.php')
 3 SYSTEMPATH\View\View.php(216): CodeIgniter\View\View->CodeIgniter\View\{closure}()
 4 SYSTEMPATH\Common.php(1184): CodeIgniter\View\View->render('estructura/formulario', [], true)
 5 APPPATH\Controllers\HolaMundo.php(48): view('estructura/formulario', [...])
 6 SYSTEMPATH\CodeIgniter.php(934): App\Controllers\HolaMundo->editar()
 7 SYSTEMPATH\CodeIgniter.php(499): CodeIgniter\CodeIgniter->runController(Object(App\Controllers\HolaMundo))
 8 SYSTEMPATH\CodeIgniter.php(368): CodeIgniter\CodeIgniter->handleRequest(null, Object(Config\Cache), false)
 9 FCPATH\index.php(67): CodeIgniter\CodeIgniter->run()
CRITICAL - 2023-06-15 19:08:34 --> Undefined array key 0
in APPPATH\Views\estructura\formulario.php on line 5.
 1 APPPATH\Views\estructura\formulario.php(5): CodeIgniter\Debug\Exceptions->errorHandler(2, 'Undefined array key 0', 'C:\\wamp64\\www\\CI4_PROYECTO1\\app\\Views\\estructura\\formulario.php', 5)
 2 SYSTEMPATH\View\View.php(213): include('C:\\wamp64\\www\\CI4_PROYECTO1\\app\\Views\\estructura\\formulario.php')
 3 SYSTEMPATH\View\View.php(216): CodeIgniter\View\View->CodeIgniter\View\{closure}()
 4 SYSTEMPATH\Common.php(1184): CodeIgniter\View\View->render('estructura/formulario', [], true)
 5 APPPATH\Controllers\HolaMundo.php(48): view('estructura/formulario', [...])
 6 SYSTEMPATH\CodeIgniter.php(934): App\Controllers\HolaMundo->editar()
 7 SYSTEMPATH\CodeIgniter.php(499): CodeIgniter\CodeIgniter->runController(Object(App\Controllers\HolaMundo))
 8 SYSTEMPATH\CodeIgniter.php(368): CodeIgniter\CodeIgniter->handleRequest(null, Object(Config\Cache), false)
 9 FCPATH\index.php(67): CodeIgniter\CodeIgniter->run()
CRITICAL - 2023-06-15 19:08:49 --> Array to string conversion
in APPPATH\Views\estructura\formulario.php on line 5.
 1 APPPATH\Views\estructura\formulario.php(5): CodeIgniter\Debug\Exceptions->errorHandler(2, 'Array to string conversion', 'C:\\wamp64\\www\\CI4_PROYECTO1\\app\\Views\\estructura\\formulario.php', 5)
 2 SYSTEMPATH\View\View.php(213): include('C:\\wamp64\\www\\CI4_PROYECTO1\\app\\Views\\estructura\\formulario.php')
 3 SYSTEMPATH\View\View.php(216): CodeIgniter\View\View->CodeIgniter\View\{closure}()
 4 SYSTEMPATH\Common.php(1184): CodeIgniter\View\View->render('estructura/formulario', [], true)
 5 APPPATH\Controllers\HolaMundo.php(48): view('estructura/formulario', [...])
 6 SYSTEMPATH\CodeIgniter.php(934): App\Controllers\HolaMundo->editar()
 7 SYSTEMPATH\CodeIgniter.php(499): CodeIgniter\CodeIgniter->runController(Object(App\Controllers\HolaMundo))
 8 SYSTEMPATH\CodeIgniter.php(368): CodeIgniter\CodeIgniter->handleRequest(null, Object(Config\Cache), false)
 9 FCPATH\index.php(67): CodeIgniter\CodeIgniter->run()
CRITICAL - 2023-06-15 19:12:37 --> Array to string conversion
in APPPATH\Views\estructura\formulario.php on line 5.
 1 APPPATH\Views\estructura\formulario.php(5): CodeIgniter\Debug\Exceptions->errorHandler(2, 'Array to string conversion', 'C:\\wamp64\\www\\CI4_PROYECTO1\\app\\Views\\estructura\\formulario.php', 5)
 2 SYSTEMPATH\View\View.php(213): include('C:\\wamp64\\www\\CI4_PROYECTO1\\app\\Views\\estructura\\formulario.php')
 3 SYSTEMPATH\View\View.php(216): CodeIgniter\View\View->CodeIgniter\View\{closure}()
 4 SYSTEMPATH\Common.php(1184): CodeIgniter\View\View->render('estructura/formulario', [], true)
 5 APPPATH\Controllers\HolaMundo.php(48): view('estructura/formulario', [...])
 6 SYSTEMPATH\CodeIgniter.php(934): App\Controllers\HolaMundo->editar()
 7 SYSTEMPATH\CodeIgniter.php(499): CodeIgniter\CodeIgniter->runController(Object(App\Controllers\HolaMundo))
 8 SYSTEMPATH\CodeIgniter.php(368): CodeIgniter\CodeIgniter->handleRequest(null, Object(Config\Cache), false)
 9 FCPATH\index.php(67): CodeIgniter\CodeIgniter->run()
CRITICAL - 2023-06-15 19:14:11 --> Undefined array key "name"
in APPPATH\Views\estructura\formulario.php on line 6.
 1 APPPATH\Views\estructura\formulario.php(6): CodeIgniter\Debug\Exceptions->errorHandler(2, 'Undefined array key "name"', 'C:\\wamp64\\www\\CI4_PROYECTO1\\app\\Views\\estructura\\formulario.php', 6)
 2 SYSTEMPATH\View\View.php(213): include('C:\\wamp64\\www\\CI4_PROYECTO1\\app\\Views\\estructura\\formulario.php')
 3 SYSTEMPATH\View\View.php(216): CodeIgniter\View\View->CodeIgniter\View\{closure}()
 4 SYSTEMPATH\Common.php(1184): CodeIgniter\View\View->render('estructura/formulario', [], true)
 5 APPPATH\Controllers\HolaMundo.php(48): view('estructura/formulario', [...])
 6 SYSTEMPATH\CodeIgniter.php(934): App\Controllers\HolaMundo->editar()
 7 SYSTEMPATH\CodeIgniter.php(499): CodeIgniter\CodeIgniter->runController(Object(App\Controllers\HolaMundo))
 8 SYSTEMPATH\CodeIgniter.php(368): CodeIgniter\CodeIgniter->handleRequest(null, Object(Config\Cache), false)
 9 FCPATH\index.php(67): CodeIgniter\CodeIgniter->run()
CRITICAL - 2023-06-15 19:14:43 --> Undefined array key "name"
in APPPATH\Views\estructura\formulario.php on line 6.
 1 APPPATH\Views\estructura\formulario.php(6): CodeIgniter\Debug\Exceptions->errorHandler(2, 'Undefined array key "name"', 'C:\\wamp64\\www\\CI4_PROYECTO1\\app\\Views\\estructura\\formulario.php', 6)
 2 SYSTEMPATH\View\View.php(213): include('C:\\wamp64\\www\\CI4_PROYECTO1\\app\\Views\\estructura\\formulario.php')
 3 SYSTEMPATH\View\View.php(216): CodeIgniter\View\View->CodeIgniter\View\{closure}()
 4 SYSTEMPATH\Common.php(1184): CodeIgniter\View\View->render('estructura/formulario', [], true)
 5 APPPATH\Controllers\HolaMundo.php(48): view('estructura/formulario', [...])
 6 SYSTEMPATH\CodeIgniter.php(934): App\Controllers\HolaMundo->editar()
 7 SYSTEMPATH\CodeIgniter.php(499): CodeIgniter\CodeIgniter->runController(Object(App\Controllers\HolaMundo))
 8 SYSTEMPATH\CodeIgniter.php(368): CodeIgniter\CodeIgniter->handleRequest(null, Object(Config\Cache), false)
 9 FCPATH\index.php(67): CodeIgniter\CodeIgniter->run()
CRITICAL - 2023-06-15 19:16:46 --> Undefined array key "id"
in APPPATH\Views\estructura\formulario.php on line 24.
 1 APPPATH\Views\estructura\formulario.php(24): CodeIgniter\Debug\Exceptions->errorHandler(2, 'Undefined array key "id"', 'C:\\wamp64\\www\\CI4_PROYECTO1\\app\\Views\\estructura\\formulario.php', 24)
 2 SYSTEMPATH\View\View.php(213): include('C:\\wamp64\\www\\CI4_PROYECTO1\\app\\Views\\estructura\\formulario.php')
 3 SYSTEMPATH\View\View.php(216): CodeIgniter\View\View->CodeIgniter\View\{closure}()
 4 SYSTEMPATH\Common.php(1184): CodeIgniter\View\View->render('estructura/formulario', [], true)
 5 APPPATH\Controllers\HolaMundo.php(48): view('estructura/formulario', [...])
 6 SYSTEMPATH\CodeIgniter.php(934): App\Controllers\HolaMundo->editar()
 7 SYSTEMPATH\CodeIgniter.php(499): CodeIgniter\CodeIgniter->runController(Object(App\Controllers\HolaMundo))
 8 SYSTEMPATH\CodeIgniter.php(368): CodeIgniter\CodeIgniter->handleRequest(null, Object(Config\Cache), false)
 9 FCPATH\index.php(67): CodeIgniter\CodeIgniter->run()
CRITICAL - 2023-06-15 19:33:04 --> Undefined variable $name
in APPPATH\Views\estructura\formulario.php on line 17.
 1 APPPATH\Views\estructura\formulario.php(17): CodeIgniter\Debug\Exceptions->errorHandler(2, 'Undefined variable $name', 'C:\\wamp64\\www\\CI4_PROYECTO1\\app\\Views\\estructura\\formulario.php', 17)
 2 SYSTEMPATH\View\View.php(213): include('C:\\wamp64\\www\\CI4_PROYECTO1\\app\\Views\\estructura\\formulario.php')
 3 SYSTEMPATH\View\View.php(216): CodeIgniter\View\View->CodeIgniter\View\{closure}()
 4 SYSTEMPATH\Common.php(1184): CodeIgniter\View\View->render('estructura/formulario', [], true)
 5 APPPATH\Controllers\HolaMundo.php(16): view('estructura/formulario')
 6 SYSTEMPATH\CodeIgniter.php(934): App\Controllers\HolaMundo->formulario()
 7 SYSTEMPATH\CodeIgniter.php(499): CodeIgniter\CodeIgniter->runController(Object(App\Controllers\HolaMundo))
 8 SYSTEMPATH\CodeIgniter.php(368): CodeIgniter\CodeIgniter->handleRequest(null, Object(Config\Cache), false)
 9 FCPATH\index.php(67): CodeIgniter\CodeIgniter->run()
CRITICAL - 2023-06-15 19:33:27 --> syntax error, unexpected token ";", expecting ")"
in APPPATH\Views\estructura\formulario.php on line 20.
 1 SYSTEMPATH\View\View.php(216): CodeIgniter\View\View->CodeIgniter\View\{closure}()
 2 SYSTEMPATH\Common.php(1184): CodeIgniter\View\View->render('estructura/formulario', [], true)
 3 APPPATH\Controllers\HolaMundo.php(16): view('estructura/formulario')
 4 SYSTEMPATH\CodeIgniter.php(934): App\Controllers\HolaMundo->formulario()
 5 SYSTEMPATH\CodeIgniter.php(499): CodeIgniter\CodeIgniter->runController(Object(App\Controllers\HolaMundo))
 6 SYSTEMPATH\CodeIgniter.php(368): CodeIgniter\CodeIgniter->handleRequest(null, Object(Config\Cache), false)
 7 FCPATH\index.php(67): CodeIgniter\CodeIgniter->run()
CRITICAL - 2023-06-15 19:33:31 --> syntax error, unexpected token ";", expecting ")"
in APPPATH\Views\estructura\formulario.php on line 20.
 1 SYSTEMPATH\View\View.php(216): CodeIgniter\View\View->CodeIgniter\View\{closure}()
 2 SYSTEMPATH\Common.php(1184): CodeIgniter\View\View->render('estructura/formulario', [], true)
 3 APPPATH\Controllers\HolaMundo.php(16): view('estructura/formulario')
 4 SYSTEMPATH\CodeIgniter.php(934): App\Controllers\HolaMundo->formulario()
 5 SYSTEMPATH\CodeIgniter.php(499): CodeIgniter\CodeIgniter->runController(Object(App\Controllers\HolaMundo))
 6 SYSTEMPATH\CodeIgniter.php(368): CodeIgniter\CodeIgniter->handleRequest(null, Object(Config\Cache), false)
 7 FCPATH\index.php(67): CodeIgniter\CodeIgniter->run()
CRITICAL - 2023-06-15 21:39:14 --> Undefined array key 0
in APPPATH\Views\estructura\formulario.php on line 6.
 1 APPPATH\Views\estructura\formulario.php(6): CodeIgniter\Debug\Exceptions->errorHandler(2, 'Undefined array key 0', 'C:\\wamp64\\www\\CI4_PROYECTO1\\app\\Views\\estructura\\formulario.php', 6)
 2 SYSTEMPATH\View\View.php(213): include('C:\\wamp64\\www\\CI4_PROYECTO1\\app\\Views\\estructura\\formulario.php')
 3 SYSTEMPATH\View\View.php(216): CodeIgniter\View\View->CodeIgniter\View\{closure}()
 4 SYSTEMPATH\Common.php(1184): CodeIgniter\View\View->render('estructura/formulario', [], true)
 5 APPPATH\Controllers\HolaMundo.php(51): view('estructura/formulario', [...])
 6 SYSTEMPATH\CodeIgniter.php(934): App\Controllers\HolaMundo->editar()
 7 SYSTEMPATH\CodeIgniter.php(499): CodeIgniter\CodeIgniter->runController(Object(App\Controllers\HolaMundo))
 8 SYSTEMPATH\CodeIgniter.php(368): CodeIgniter\CodeIgniter->handleRequest(null, Object(Config\Cache), false)
 9 FCPATH\index.php(67): CodeIgniter\CodeIgniter->run()
CRITICAL - 2023-06-15 21:41:53 --> Undefined array key 0
in APPPATH\Views\estructura\formulario.php on line 6.
 1 APPPATH\Views\estructura\formulario.php(6): CodeIgniter\Debug\Exceptions->errorHandler(2, 'Undefined array key 0', 'C:\\wamp64\\www\\CI4_PROYECTO1\\app\\Views\\estructura\\formulario.php', 6)
 2 SYSTEMPATH\View\View.php(213): include('C:\\wamp64\\www\\CI4_PROYECTO1\\app\\Views\\estructura\\formulario.php')
 3 SYSTEMPATH\View\View.php(216): CodeIgniter\View\View->CodeIgniter\View\{closure}()
 4 SYSTEMPATH\Common.php(1184): CodeIgniter\View\View->render('estructura/formulario', [], true)
 5 APPPATH\Controllers\HolaMundo.php(51): view('estructura/formulario', [...])
 6 SYSTEMPATH\CodeIgniter.php(934): App\Controllers\HolaMundo->editar()
 7 SYSTEMPATH\CodeIgniter.php(499): CodeIgniter\CodeIgniter->runController(Object(App\Controllers\HolaMundo))
 8 SYSTEMPATH\CodeIgniter.php(368): CodeIgniter\CodeIgniter->handleRequest(null, Object(Config\Cache), false)
 9 FCPATH\index.php(67): CodeIgniter\CodeIgniter->run()
CRITICAL - 2023-06-15 22:05:54 --> Array to string conversion
in APPPATH\Controllers\HolaMundo.php on line 32.
 1 APPPATH\Controllers\HolaMundo.php(32): CodeIgniter\Debug\Exceptions->errorHandler(2, 'Array to string conversion', 'C:\\wamp64\\www\\CI4_PROYECTO1\\app\\Controllers\\HolaMundo.php', 32)
 2 SYSTEMPATH\CodeIgniter.php(934): App\Controllers\HolaMundo->guarda()
 3 SYSTEMPATH\CodeIgniter.php(499): CodeIgniter\CodeIgniter->runController(Object(App\Controllers\HolaMundo))
 4 SYSTEMPATH\CodeIgniter.php(368): CodeIgniter\CodeIgniter->handleRequest(null, Object(Config\Cache), false)
 5 FCPATH\index.php(67): CodeIgniter\CodeIgniter->run()
CRITICAL - 2023-06-15 22:06:48 --> syntax error, unexpected token ";"
in APPPATH\Controllers\HolaMundo.php on line 32.
 1 SYSTEMPATH\Autoloader\Autoloader.php(289): CodeIgniter\Autoloader\Autoloader->includeFile('C:\\wamp64\\www\\CI4_PROYECTO1\\app\\Controllers\\HolaMundo.php')
 2 SYSTEMPATH\Autoloader\Autoloader.php(267): CodeIgniter\Autoloader\Autoloader->loadInNamespace('App\\Controllers\\HolaMundo')
 3 [internal function]: CodeIgniter\Autoloader\Autoloader->loadClass('App\\Controllers\\HolaMundo')
 4 SYSTEMPATH\CodeIgniter.php(892): class_exists('\\App\\Controllers\\HolaMundo', true)
 5 SYSTEMPATH\CodeIgniter.php(486): CodeIgniter\CodeIgniter->startController()
 6 SYSTEMPATH\CodeIgniter.php(368): CodeIgniter\CodeIgniter->handleRequest(null, Object(Config\Cache), false)
 7 FCPATH\index.php(67): CodeIgniter\CodeIgniter->run()
CRITICAL - 2023-06-15 22:06:50 --> syntax error, unexpected token ";"
in APPPATH\Controllers\HolaMundo.php on line 32.
 1 SYSTEMPATH\Autoloader\Autoloader.php(289): CodeIgniter\Autoloader\Autoloader->includeFile('C:\\wamp64\\www\\CI4_PROYECTO1\\app\\Controllers\\HolaMundo.php')
 2 SYSTEMPATH\Autoloader\Autoloader.php(267): CodeIgniter\Autoloader\Autoloader->loadInNamespace('App\\Controllers\\HolaMundo')
 3 [internal function]: CodeIgniter\Autoloader\Autoloader->loadClass('App\\Controllers\\HolaMundo')
 4 SYSTEMPATH\CodeIgniter.php(892): class_exists('\\App\\Controllers\\HolaMundo', true)
 5 SYSTEMPATH\CodeIgniter.php(486): CodeIgniter\CodeIgniter->startController()
 6 SYSTEMPATH\CodeIgniter.php(368): CodeIgniter\CodeIgniter->handleRequest(null, Object(Config\Cache), false)
 7 FCPATH\index.php(67): CodeIgniter\CodeIgniter->run()
CRITICAL - 2023-06-15 22:06:55 --> syntax error, unexpected token ";"
in APPPATH\Controllers\HolaMundo.php on line 32.
 1 SYSTEMPATH\Autoloader\Autoloader.php(289): CodeIgniter\Autoloader\Autoloader->includeFile('C:\\wamp64\\www\\CI4_PROYECTO1\\app\\Controllers\\HolaMundo.php')
 2 SYSTEMPATH\Autoloader\Autoloader.php(267): CodeIgniter\Autoloader\Autoloader->loadInNamespace('App\\Controllers\\HolaMundo')
 3 [internal function]: CodeIgniter\Autoloader\Autoloader->loadClass('App\\Controllers\\HolaMundo')
 4 SYSTEMPATH\CodeIgniter.php(892): class_exists('\\App\\Controllers\\HolaMundo', true)
 5 SYSTEMPATH\CodeIgniter.php(486): CodeIgniter\CodeIgniter->startController()
 6 SYSTEMPATH\CodeIgniter.php(368): CodeIgniter\CodeIgniter->handleRequest(null, Object(Config\Cache), false)
 7 FCPATH\index.php(67): CodeIgniter\CodeIgniter->run()
CRITICAL - 2023-06-15 22:07:19 --> Attempt to read property "errno" on bool
in SYSTEMPATH\Database\MySQLi\Connection.php on line 567.
 1 SYSTEMPATH\Database\MySQLi\Connection.php(567): CodeIgniter\Debug\Exceptions->errorHandler(2, 'Attempt to read property "errno" on bool', 'C:\\wamp64\\www\\CI4_PROYECTO1\\system\\Database\\MySQLi\\Connection.php', 567)
 2 SYSTEMPATH\Model.php(508): CodeIgniter\Database\MySQLi\Connection->error()
 3 SYSTEMPATH\BaseModel.php(1162): CodeIgniter\Model->doErrors()
 4 APPPATH\Controllers\HolaMundo.php(33): CodeIgniter\BaseModel->errors()
 5 SYSTEMPATH\CodeIgniter.php(934): App\Controllers\HolaMundo->guarda()
 6 SYSTEMPATH\CodeIgniter.php(499): CodeIgniter\CodeIgniter->runController(Object(App\Controllers\HolaMundo))
 7 SYSTEMPATH\CodeIgniter.php(368): CodeIgniter\CodeIgniter->handleRequest(null, Object(Config\Cache), false)
 8 FCPATH\index.php(67): CodeIgniter\CodeIgniter->run()
CRITICAL - 2023-06-15 22:15:48 --> Undefined variable $users
in APPPATH\Views\estructura\body.php on line 23.
 1 APPPATH\Views\estructura\body.php(23): CodeIgniter\Debug\Exceptions->errorHandler(2, 'Undefined variable $users', 'C:\\wamp64\\www\\CI4_PROYECTO1\\app\\Views\\estructura\\body.php', 23)
 2 SYSTEMPATH\View\View.php(213): include('C:\\wamp64\\www\\CI4_PROYECTO1\\app\\Views\\estructura\\body.php')
 3 SYSTEMPATH\View\View.php(216): CodeIgniter\View\View->CodeIgniter\View\{closure}()
 4 SYSTEMPATH\Common.php(1184): CodeIgniter\View\View->render('estructura/body', [], true)
 5 APPPATH\Controllers\HolaMundo.php(43): view('estructura/body')
 6 SYSTEMPATH\CodeIgniter.php(934): App\Controllers\HolaMundo->guarda()
 7 SYSTEMPATH\CodeIgniter.php(499): CodeIgniter\CodeIgniter->runController(Object(App\Controllers\HolaMundo))
 8 SYSTEMPATH\CodeIgniter.php(368): CodeIgniter\CodeIgniter->handleRequest(null, Object(Config\Cache), false)
 9 FCPATH\index.php(67): CodeIgniter\CodeIgniter->run()
CRITICAL - 2023-06-15 22:16:52 --> syntax error, unexpected token "="
in APPPATH\Controllers\HolaMundo.php on line 44.
 1 SYSTEMPATH\Autoloader\Autoloader.php(289): CodeIgniter\Autoloader\Autoloader->includeFile('C:\\wamp64\\www\\CI4_PROYECTO1\\app\\Controllers\\HolaMundo.php')
 2 SYSTEMPATH\Autoloader\Autoloader.php(267): CodeIgniter\Autoloader\Autoloader->loadInNamespace('App\\Controllers\\HolaMundo')
 3 [internal function]: CodeIgniter\Autoloader\Autoloader->loadClass('App\\Controllers\\HolaMundo')
 4 SYSTEMPATH\CodeIgniter.php(892): class_exists('\\App\\Controllers\\HolaMundo', true)
 5 SYSTEMPATH\CodeIgniter.php(486): CodeIgniter\CodeIgniter->startController()
 6 SYSTEMPATH\CodeIgniter.php(368): CodeIgniter\CodeIgniter->handleRequest(null, Object(Config\Cache), false)
 7 FCPATH\index.php(67): CodeIgniter\CodeIgniter->run()
CRITICAL - 2023-06-15 22:16:53 --> syntax error, unexpected token "="
in APPPATH\Controllers\HolaMundo.php on line 44.
 1 SYSTEMPATH\Autoloader\Autoloader.php(289): CodeIgniter\Autoloader\Autoloader->includeFile('C:\\wamp64\\www\\CI4_PROYECTO1\\app\\Controllers\\HolaMundo.php')
 2 SYSTEMPATH\Autoloader\Autoloader.php(267): CodeIgniter\Autoloader\Autoloader->loadInNamespace('App\\Controllers\\HolaMundo')
 3 [internal function]: CodeIgniter\Autoloader\Autoloader->loadClass('App\\Controllers\\HolaMundo')
 4 SYSTEMPATH\CodeIgniter.php(892): class_exists('\\App\\Controllers\\HolaMundo', true)
 5 SYSTEMPATH\CodeIgniter.php(486): CodeIgniter\CodeIgniter->startController()
 6 SYSTEMPATH\CodeIgniter.php(368): CodeIgniter\CodeIgniter->handleRequest(null, Object(Config\Cache), false)
 7 FCPATH\index.php(67): CodeIgniter\CodeIgniter->run()
CRITICAL - 2023-06-15 22:16:57 --> syntax error, unexpected token "="
in APPPATH\Controllers\HolaMundo.php on line 44.
 1 SYSTEMPATH\Autoloader\Autoloader.php(289): CodeIgniter\Autoloader\Autoloader->includeFile('C:\\wamp64\\www\\CI4_PROYECTO1\\app\\Controllers\\HolaMundo.php')
 2 SYSTEMPATH\Autoloader\Autoloader.php(267): CodeIgniter\Autoloader\Autoloader->loadInNamespace('App\\Controllers\\HolaMundo')
 3 [internal function]: CodeIgniter\Autoloader\Autoloader->loadClass('App\\Controllers\\HolaMundo')
 4 SYSTEMPATH\CodeIgniter.php(892): class_exists('\\App\\Controllers\\HolaMundo', true)
 5 SYSTEMPATH\CodeIgniter.php(486): CodeIgniter\CodeIgniter->startController()
 6 SYSTEMPATH\CodeIgniter.php(368): CodeIgniter\CodeIgniter->handleRequest(null, Object(Config\Cache), false)
 7 FCPATH\index.php(67): CodeIgniter\CodeIgniter->run()
