CRITICAL - 2023-06-09 17:42:06 --> "alpha_numeric_apace" is not a valid rule.
in SYSTEMPATH\Validation\Validation.php on line 329.
 1 SYSTEMPATH\Validation\Validation.php(329): CodeIgniter\Validation\Exceptions\ValidationException::forRuleNotFound('alpha_numeric_apace')
 2 SYSTEMPATH\Validation\Validation.php(179): CodeIgniter\Validation\Validation->processRules('name', 'name', 'Programador_7', [...], [...])
 3 SYSTEMPATH\BaseModel.php(1453): CodeIgniter\Validation\Validation->run([...], null, null)
 4 SYSTEMPATH\BaseModel.php(745): CodeIgniter\BaseModel->validate([...])
 5 SYSTEMPATH\Model.php(730): CodeIgniter\BaseModel->insert([...], false)
 6 SYSTEMPATH\BaseModel.php(692): CodeIgniter\Model->insert([...], false)
 7 APPPATH\Controllers\HolaMundo.php(140): CodeIgniter\BaseModel->save([...])
 8 SYSTEMPATH\CodeIgniter.php(934): App\Controllers\HolaMundo->insertUserInvalid()
 9 SYSTEMPATH\CodeIgniter.php(499): CodeIgniter\CodeIgniter->runController(Object(App\Controllers\HolaMundo))
10 SYSTEMPATH\CodeIgniter.php(368): CodeIgniter\CodeIgniter->handleRequest(null, Object(Config\Cache), false)
11 FCPATH\index.php(67): CodeIgniter\CodeIgniter->run()
CRITICAL - 2023-06-09 17:47:27 --> "alpha_numeric_apace" is not a valid rule.
in SYSTEMPATH\Validation\Validation.php on line 329.
 1 SYSTEMPATH\Validation\Validation.php(329): CodeIgniter\Validation\Exceptions\ValidationException::forRuleNotFound('alpha_numeric_apace')
 2 SYSTEMPATH\Validation\Validation.php(179): CodeIgniter\Validation\Validation->processRules('name', 'name', 'Programador_7', [...], [...])
 3 SYSTEMPATH\BaseModel.php(1453): CodeIgniter\Validation\Validation->run([...], null, null)
 4 SYSTEMPATH\BaseModel.php(745): CodeIgniter\BaseModel->validate([...])
 5 SYSTEMPATH\Model.php(730): CodeIgniter\BaseModel->insert([...], false)
 6 SYSTEMPATH\BaseModel.php(692): CodeIgniter\Model->insert([...], false)
 7 APPPATH\Controllers\HolaMundo.php(140): CodeIgniter\BaseModel->save([...])
 8 SYSTEMPATH\CodeIgniter.php(934): App\Controllers\HolaMundo->insertUserInvalid()
 9 SYSTEMPATH\CodeIgniter.php(499): CodeIgniter\CodeIgniter->runController(Object(App\Controllers\HolaMundo))
10 SYSTEMPATH\CodeIgniter.php(368): CodeIgniter\CodeIgniter->handleRequest(null, Object(Config\Cache), false)
11 FCPATH\index.php(67): CodeIgniter\CodeIgniter->run()
